<?xml version="1.0" encoding="UTF-8"?>
<!-- Generated by org.testng.reporters.JUnitReportReporter -->
<testsuite hostname="LAPTOP-ORQC0114" failures="0" tests="1" name="com.test.automation.GUI_Automation" time="10.459" errors="0" timestamp="5 Nov 2023 18:45:04 GMT">
  <testcase classname="com.test.automation.GUI_Automation" name="signUp" time="10.459"/>
</testsuite> <!-- com.test.automation.GUI_Automation -->
